<?xml version="1.0" encoding="UTF-8"?>
<testng-results ignored="0" total="2" passed="1" failed="1" skipped="0">
  <reporter-output>
  </reporter-output>
  <suite started-at="2022-05-26T07:45:34Z" name="Default suite" finished-at="2022-05-26T07:45:46Z" duration-ms="11799">
    <groups>
      <group name="cucumber">
        <method signature="AbstractTestNGCucumberTests.runScenario(io.cucumber.testng.PickleEventWrapper, io.cucumber.testng.CucumberFeatureWrapper)[pri:0, instance:org.runner.Runner@30c93896]" name="runScenario" class="io.cucumber.testng.AbstractTestNGCucumberTests"/>
      </group> <!-- cucumber -->
    </groups>
    <test started-at="2022-05-26T07:45:34Z" name="Default test" finished-at="2022-05-26T07:45:46Z" duration-ms="11799">
      <class name="org.runner.Runner">
        <test-method is-config="true" signature="setUpClass()[pri:0, instance:org.runner.Runner@30c93896]" started-at="2022-05-26T07:45:34Z" name="setUpClass" finished-at="2022-05-26T07:45:34Z" duration-ms="185" status="PASS">
          <reporter-output>
          </reporter-output>
        </test-method> <!-- setUpClass -->
        <test-method signature="runScenario(io.cucumber.testng.PickleEventWrapper, io.cucumber.testng.CucumberFeatureWrapper)[pri:0, instance:org.runner.Runner@30c93896]" started-at="2022-05-26T07:45:34Z" name="runScenario" description="Runs Cucumber Scenarios" data-provider="scenarios" finished-at="2022-05-26T07:45:45Z" duration-ms="10992" status="PASS">
          <params>
            <param index="0">
              <value>
                <![CDATA["To validate application login page functionality"]]>
              </value>
            </param>
            <param index="1">
              <value>
                <![CDATA["Validate application login Page"]]>
              </value>
            </param>
          </params>
          <reporter-output>
          </reporter-output>
        </test-method> <!-- runScenario -->
        <test-method signature="runScenario(io.cucumber.testng.PickleEventWrapper, io.cucumber.testng.CucumberFeatureWrapper)[pri:0, instance:org.runner.Runner@30c93896]" started-at="2022-05-26T07:45:45Z" name="runScenario" description="Runs Cucumber Scenarios" data-provider="scenarios" finished-at="2022-05-26T07:45:46Z" duration-ms="319" status="FAIL">
          <params>
            <param index="0">
              <value>
                <![CDATA["To validate application Home page functionality"]]>
              </value>
            </param>
            <param index="1">
              <value>
                <![CDATA["Validate application login Page"]]>
              </value>
            </param>
          </params>
          <exception class="java.lang.AssertionError">
            <message>
              <![CDATA[expected [true] but found [false]]]>
            </message>
            <full-stacktrace>
              <![CDATA[java.lang.AssertionError: expected [true] but found [false]
at org.testng.Assert.fail(Assert.java:96)
at org.testng.Assert.failNotEquals(Assert.java:776)
at org.testng.Assert.assertTrue(Assert.java:44)
at org.testng.Assert.assertTrue(Assert.java:54)
at org.stepdefinition.Steps.i_enter_the_home_page_Sucessfully(Steps.java:63)
at âœ½.I enter the home page Sucessfully(file:src/test/resources/Features/LoginPage.feature:16)
]]>
            </full-stacktrace>
          </exception> <!-- java.lang.AssertionError -->
          <reporter-output>
          </reporter-output>
        </test-method> <!-- runScenario -->
        <test-method is-config="true" signature="tearDownClass()[pri:0, instance:org.runner.Runner@30c93896]" started-at="2022-05-26T07:45:46Z" name="tearDownClass" finished-at="2022-05-26T07:45:46Z" duration-ms="251" status="PASS">
          <reporter-output>
          </reporter-output>
        </test-method> <!-- tearDownClass -->
        <test-method is-config="true" signature="cucumberReportGenerate()[pri:0, instance:org.runner.Runner@30c93896]" started-at="2022-05-26T07:45:46Z" name="cucumberReportGenerate" finished-at="2022-05-26T07:45:48Z" duration-ms="1757" status="PASS">
          <reporter-output>
          </reporter-output>
        </test-method> <!-- cucumberReportGenerate -->
      </class> <!-- org.runner.Runner -->
    </test> <!-- Default test -->
  </suite> <!-- Default suite -->
</testng-results>
